<?xml version="1.0" encoding="UTF-8"?>
<coverage generated="1750312323181" clover="3.2.0">
  <project timestamp="1750312323181" name="All files">
    <metrics statements="133" coveredstatements="112" conditionals="59" coveredconditionals="28" methods="12" coveredmethods="10" elements="204" coveredelements="150" complexity="0" loc="133" ncloc="133" packages="3" files="4" classes="4"/>
    <package name="lib">
      <metrics statements="24" coveredstatements="21" conditionals="14" coveredconditionals="10" methods="7" coveredmethods="6"/>
      <file name="utils.ts" path="/home/ubuntu/GitHub/TAK-NZ/auth-infra/lib/utils.ts">
        <metrics statements="24" coveredstatements="21" conditionals="14" coveredconditionals="10" methods="7" coveredmethods="6"/>
        <line num="10" count="1" type="stmt"/>
        <line num="11" count="7" type="cond" truecount="3" falsecount="0"/>
        <line num="12" count="3" type="stmt"/>
        <line num="21" count="1" type="stmt"/>
        <line num="22" count="6" type="cond" truecount="1" falsecount="0"/>
        <line num="23" count="3" type="stmt"/>
        <line num="32" count="1" type="stmt"/>
        <line num="33" count="6" type="cond" truecount="3" falsecount="0"/>
        <line num="34" count="3" type="stmt"/>
        <line num="44" count="1" type="stmt"/>
        <line num="45" count="5" type="cond" truecount="3" falsecount="0"/>
        <line num="46" count="2" type="stmt"/>
        <line num="56" count="1" type="stmt"/>
        <line num="57" count="0" type="cond" truecount="0" falsecount="4"/>
        <line num="58" count="0" type="stmt"/>
        <line num="66" count="1" type="stmt"/>
        <line num="67" count="1" type="stmt"/>
        <line num="68" count="1" type="stmt"/>
        <line num="69" count="1" type="stmt"/>
        <line num="71" count="0" type="stmt"/>
        <line num="79" count="1" type="stmt"/>
        <line num="84" count="3" type="stmt"/>
        <line num="85" count="2" type="stmt"/>
        <line num="86" count="1" type="stmt"/>
      </file>
    </package>
    <package name="lib.constructs">
      <metrics statements="103" coveredstatements="85" conditionals="45" coveredconditionals="18" methods="5" coveredmethods="4"/>
      <file name="authentik-server.ts" path="/home/ubuntu/GitHub/TAK-NZ/auth-infra/lib/constructs/authentik-server.ts">
        <metrics statements="55" coveredstatements="43" conditionals="22" coveredconditionals="8" methods="3" coveredmethods="2"/>
        <line num="4" count="1" type="stmt"/>
        <line num="5" count="1" type="stmt"/>
        <line num="72" count="1" type="stmt"/>
        <line num="90" count="1" type="cond" truecount="0" falsecount="1"/>
        <line num="92" count="0" type="stmt"/>
        <line num="100" count="1" type="stmt"/>
        <line num="101" count="1" type="cond" truecount="2" falsecount="1"/>
        <line num="102" count="0" type="stmt"/>
        <line num="105" count="1" type="stmt"/>
        <line num="106" count="1" type="stmt"/>
        <line num="107" count="1" type="stmt"/>
        <line num="109" count="1" type="stmt"/>
        <line num="113" count="1" type="stmt"/>
        <line num="116" count="1" type="stmt"/>
        <line num="117" count="1" type="cond" truecount="1" falsecount="1"/>
        <line num="119" count="1" type="cond" truecount="1" falsecount="1"/>
        <line num="122" count="1" type="stmt"/>
        <line num="130" count="1" type="cond" truecount="0" falsecount="1"/>
        <line num="131" count="0" type="stmt"/>
        <line num="140" count="1" type="stmt"/>
        <line num="148" count="1" type="stmt"/>
        <line num="149" count="1" type="stmt"/>
        <line num="150" count="1" type="stmt"/>
        <line num="151" count="1" type="stmt"/>
        <line num="152" count="1" type="stmt"/>
        <line num="155" count="1" type="stmt"/>
        <line num="158" count="1" type="cond" truecount="0" falsecount="1"/>
        <line num="159" count="0" type="stmt"/>
        <line num="163" count="1" type="stmt"/>
        <line num="168" count="1" type="stmt"/>
        <line num="185" count="1" type="cond" truecount="1" falsecount="2"/>
        <line num="186" count="0" type="stmt"/>
        <line num="190" count="1" type="cond" truecount="0" falsecount="1"/>
        <line num="191" count="0" type="stmt"/>
        <line num="195" count="1" type="stmt"/>
        <line num="203" count="1" type="stmt"/>
        <line num="215" count="1" type="stmt"/>
        <line num="228" count="1" type="cond" truecount="0" falsecount="1"/>
        <line num="229" count="0" type="stmt"/>
        <line num="233" count="1" type="stmt"/>
        <line num="234" count="1" type="stmt"/>
        <line num="237" count="1" type="stmt"/>
        <line num="267" count="1" type="cond" truecount="1" falsecount="2"/>
        <line num="268" count="0" type="stmt"/>
        <line num="276" count="1" type="stmt"/>
        <line num="279" count="1" type="stmt"/>
        <line num="286" count="1" type="stmt"/>
        <line num="292" count="1" type="stmt"/>
        <line num="299" count="1" type="stmt"/>
        <line num="315" count="1" type="stmt"/>
        <line num="321" count="1" type="stmt"/>
        <line num="333" count="0" type="stmt"/>
        <line num="346" count="0" type="stmt"/>
        <line num="349" count="0" type="stmt"/>
        <line num="353" count="0" type="stmt"/>
      </file>
      <file name="authentik-worker.ts" path="/home/ubuntu/GitHub/TAK-NZ/auth-infra/lib/constructs/authentik-worker.ts">
        <metrics statements="48" coveredstatements="42" conditionals="23" coveredconditionals="10" methods="2" coveredmethods="2"/>
        <line num="4" count="1" type="stmt"/>
        <line num="5" count="1" type="stmt"/>
        <line num="71" count="1" type="stmt"/>
        <line num="89" count="1" type="cond" truecount="0" falsecount="1"/>
        <line num="91" count="0" type="stmt"/>
        <line num="99" count="1" type="stmt"/>
        <line num="100" count="1" type="cond" truecount="2" falsecount="1"/>
        <line num="101" count="0" type="stmt"/>
        <line num="104" count="1" type="stmt"/>
        <line num="105" count="1" type="stmt"/>
        <line num="106" count="1" type="stmt"/>
        <line num="108" count="1" type="stmt"/>
        <line num="112" count="1" type="stmt"/>
        <line num="115" count="1" type="stmt"/>
        <line num="116" count="1" type="cond" truecount="1" falsecount="1"/>
        <line num="118" count="1" type="cond" truecount="1" falsecount="1"/>
        <line num="121" count="1" type="stmt"/>
        <line num="128" count="1" type="stmt"/>
        <line num="136" count="1" type="stmt"/>
        <line num="137" count="1" type="stmt"/>
        <line num="138" count="1" type="stmt"/>
        <line num="139" count="1" type="cond" truecount="1" falsecount="0"/>
        <line num="140" count="1" type="stmt"/>
        <line num="142" count="1" type="stmt"/>
        <line num="143" count="1" type="stmt"/>
        <line num="146" count="1" type="stmt"/>
        <line num="149" count="1" type="cond" truecount="0" falsecount="1"/>
        <line num="150" count="0" type="stmt"/>
        <line num="154" count="1" type="stmt"/>
        <line num="159" count="1" type="stmt"/>
        <line num="176" count="1" type="cond" truecount="0" falsecount="1"/>
        <line num="177" count="0" type="stmt"/>
        <line num="181" count="1" type="stmt"/>
        <line num="189" count="1" type="stmt"/>
        <line num="201" count="1" type="stmt"/>
        <line num="214" count="1" type="cond" truecount="0" falsecount="1"/>
        <line num="215" count="0" type="stmt"/>
        <line num="219" count="1" type="stmt"/>
        <line num="220" count="1" type="stmt"/>
        <line num="223" count="1" type="stmt"/>
        <line num="265" count="1" type="cond" truecount="1" falsecount="2"/>
        <line num="266" count="0" type="stmt"/>
        <line num="274" count="1" type="stmt"/>
        <line num="277" count="1" type="stmt"/>
        <line num="283" count="1" type="stmt"/>
        <line num="290" count="1" type="stmt"/>
        <line num="305" count="1" type="stmt"/>
        <line num="311" count="1" type="stmt"/>
      </file>
    </package>
    <package name="lib.utils">
      <metrics statements="6" coveredstatements="6" conditionals="0" coveredconditionals="0" methods="0" coveredmethods="0"/>
      <file name="constants.ts" path="/home/ubuntu/GitHub/TAK-NZ/auth-infra/lib/utils/constants.ts">
        <metrics statements="6" coveredstatements="6" conditionals="0" coveredconditionals="0" methods="0" coveredmethods="0"/>
        <line num="6" count="1" type="stmt"/>
        <line num="11" count="1" type="stmt"/>
        <line num="17" count="1" type="stmt"/>
        <line num="18" count="1" type="stmt"/>
        <line num="23" count="1" type="stmt"/>
        <line num="32" count="1" type="stmt"/>
      </file>
    </package>
  </project>
</coverage>
