{"/home/ubuntu/GitHub/TAK-NZ/auth-infra/lib/utils.ts": {"path":"/home/ubuntu/GitHub/TAK-NZ/auth-infra/lib/utils.ts","statementMap":{"0":{"start":{"line":10,"column":0},"end":{"line":10,"column":16}},"1":{"start":{"line":21,"column":0},"end":{"line":21,"column":16}},"2":{"start":{"line":32,"column":0},"end":{"line":32,"column":16}},"3":{"start":{"line":44,"column":0},"end":{"line":44,"column":16}},"4":{"start":{"line":56,"column":0},"end":{"line":56,"column":16}},"5":{"start":{"line":66,"column":0},"end":{"line":66,"column":16}},"6":{"start":{"line":79,"column":0},"end":{"line":79,"column":16}},"7":{"start":{"line":11,"column":2},"end":{"line":13,"column":3}},"8":{"start":{"line":12,"column":4},"end":{"line":12,"column":81}},"9":{"start":{"line":22,"column":2},"end":{"line":24,"column":3}},"10":{"start":{"line":23,"column":4},"end":{"line":23,"column":84}},"11":{"start":{"line":33,"column":2},"end":{"line":35,"column":3}},"12":{"start":{"line":34,"column":4},"end":{"line":34,"column":115}},"13":{"start":{"line":45,"column":2},"end":{"line":47,"column":3}},"14":{"start":{"line":46,"column":4},"end":{"line":46,"column":108}},"15":{"start":{"line":57,"column":2},"end":{"line":59,"column":3}},"16":{"start":{"line":58,"column":4},"end":{"line":58,"column":178}},"17":{"start":{"line":67,"column":2},"end":{"line":72,"column":3}},"18":{"start":{"line":68,"column":25},"end":{"line":68,"column":49}},"19":{"start":{"line":69,"column":4},"end":{"line":69,"column":71}},"20":{"start":{"line":71,"column":4},"end":{"line":71,"column":21}},"21":{"start":{"line":84,"column":2},"end":{"line":84,"column":34}},"22":{"start":{"line":85,"column":2},"end":{"line":85,"column":38}},"23":{"start":{"line":86,"column":2},"end":{"line":86,"column":66}}},"fnMap":{"0":{"name":"validateEnvType","decl":{"start":{"line":10,"column":16},"end":{"line":10,"column":31}},"loc":{"start":{"line":10,"column":47},"end":{"line":14,"column":1}}},"1":{"name":"validateStackName","decl":{"start":{"line":21,"column":16},"end":{"line":21,"column":33}},"loc":{"start":{"line":21,"column":63},"end":{"line":25,"column":1}}},"2":{"name":"validateAuthentikAdminUserEmail","decl":{"start":{"line":32,"column":16},"end":{"line":32,"column":47}},"loc":{"start":{"line":32,"column":91},"end":{"line":36,"column":1}}},"3":{"name":"validateLdapBaseDn","decl":{"start":{"line":44,"column":16},"end":{"line":44,"column":34}},"loc":{"start":{"line":44,"column":65},"end":{"line":48,"column":1}}},"4":{"name":"validateUseAuthentikConfigFile","decl":{"start":{"line":56,"column":16},"end":{"line":56,"column":46}},"loc":{"start":{"line":56,"column":89},"end":{"line":60,"column":1}}},"5":{"name":"getGitSha","decl":{"start":{"line":66,"column":16},"end":{"line":66,"column":25}},"loc":{"start":{"line":66,"column":25},"end":{"line":73,"column":1}}},"6":{"name":"validateCdkContextParams","decl":{"start":{"line":79,"column":16},"end":{"line":79,"column":40}},"loc":{"start":{"line":83,"column":1},"end":{"line":87,"column":1}}}},"branchMap":{"0":{"loc":{"start":{"line":11,"column":2},"end":{"line":13,"column":3}},"type":"if","locations":[{"start":{"line":11,"column":2},"end":{"line":13,"column":3}}]},"1":{"loc":{"start":{"line":11,"column":6},"end":{"line":11,"column":50}},"type":"binary-expr","locations":[{"start":{"line":11,"column":6},"end":{"line":11,"column":24}},{"start":{"line":11,"column":28},"end":{"line":11,"column":50}}]},"2":{"loc":{"start":{"line":22,"column":2},"end":{"line":24,"column":3}},"type":"if","locations":[{"start":{"line":22,"column":2},"end":{"line":24,"column":3}}]},"3":{"loc":{"start":{"line":33,"column":2},"end":{"line":35,"column":3}},"type":"if","locations":[{"start":{"line":33,"column":2},"end":{"line":35,"column":3}}]},"4":{"loc":{"start":{"line":33,"column":6},"end":{"line":33,"column":71}},"type":"binary-expr","locations":[{"start":{"line":33,"column":6},"end":{"line":33,"column":30}},{"start":{"line":33,"column":34},"end":{"line":33,"column":71}}]},"5":{"loc":{"start":{"line":45,"column":2},"end":{"line":47,"column":3}},"type":"if","locations":[{"start":{"line":45,"column":2},"end":{"line":47,"column":3}}]},"6":{"loc":{"start":{"line":45,"column":6},"end":{"line":45,"column":58}},"type":"binary-expr","locations":[{"start":{"line":45,"column":6},"end":{"line":45,"column":30}},{"start":{"line":45,"column":34},"end":{"line":45,"column":58}}]},"7":{"loc":{"start":{"line":57,"column":2},"end":{"line":59,"column":3}},"type":"if","locations":[{"start":{"line":57,"column":2},"end":{"line":59,"column":3}}]},"8":{"loc":{"start":{"line":57,"column":6},"end":{"line":57,"column":117}},"type":"binary-expr","locations":[{"start":{"line":57,"column":6},"end":{"line":57,"column":42}},{"start":{"line":57,"column":46},"end":{"line":57,"column":79}},{"start":{"line":57,"column":83},"end":{"line":57,"column":117}}]}},"s":{"0":1,"1":1,"2":1,"3":1,"4":1,"5":1,"6":1,"7":7,"8":3,"9":6,"10":3,"11":6,"12":3,"13":5,"14":2,"15":0,"16":0,"17":1,"18":1,"19":1,"20":0,"21":3,"22":2,"23":1},"f":{"0":7,"1":6,"2":6,"3":5,"4":0,"5":1,"6":3},"b":{"0":[3],"1":[7,6],"2":[3],"3":[3],"4":[6,4],"5":[2],"6":[5,4],"7":[0],"8":[0,0,0]}}
,"/home/ubuntu/GitHub/TAK-NZ/auth-infra/lib/constructs/authentik-server.ts": {"path":"/home/ubuntu/GitHub/TAK-NZ/auth-infra/lib/constructs/authentik-server.ts","statementMap":{"0":{"start":{"line":4,"column":0},"end":{"line":4,"column":39}},"1":{"start":{"line":5,"column":0},"end":{"line":5,"column":null}},"2":{"start":{"line":90,"column":4},"end":{"line":97,"column":5}},"3":{"start":{"line":92,"column":6},"end":{"line":96,"column":9}},"4":{"start":{"line":100,"column":21},"end":{"line":100,"column":38}},"5":{"start":{"line":101,"column":4},"end":{"line":103,"column":5}},"6":{"start":{"line":102,"column":6},"end":{"line":102,"column":70}},"7":{"start":{"line":105,"column":19},"end":{"line":105,"column":30}},"8":{"start":{"line":106,"column":20},"end":{"line":106,"column":31}},"9":{"start":{"line":107,"column":27},"end":{"line":107,"column":65}},"10":{"start":{"line":109,"column":4},"end":{"line":109,"column":74}},"11":{"start":{"line":113,"column":4},"end":{"line":113,"column":21}},"12":{"start":{"line":116,"column":31},"end":{"line":116,"column":59}},"13":{"start":{"line":117,"column":26},"end":{"line":118,"column":50}},"14":{"start":{"line":119,"column":29},"end":{"line":119,"column":56}},"15":{"start":{"line":122,"column":21},"end":{"line":126,"column":6}},"16":{"start":{"line":130,"column":4},"end":{"line":137,"column":5}},"17":{"start":{"line":131,"column":6},"end":{"line":136,"column":9}},"18":{"start":{"line":140,"column":26},"end":{"line":145,"column":6}},"19":{"start":{"line":148,"column":4},"end":{"line":148,"column":52}},"20":{"start":{"line":149,"column":4},"end":{"line":149,"column":58}},"21":{"start":{"line":150,"column":4},"end":{"line":150,"column":63}},"22":{"start":{"line":151,"column":4},"end":{"line":151,"column":71}},"23":{"start":{"line":152,"column":4},"end":{"line":152,"column":68}},"24":{"start":{"line":155,"column":4},"end":{"line":155,"column":60}},"25":{"start":{"line":158,"column":4},"end":{"line":160,"column":5}},"26":{"start":{"line":159,"column":6},"end":{"line":159,"column":61}},"27":{"start":{"line":163,"column":21},"end":{"line":165,"column":6}},"28":{"start":{"line":168,"column":4},"end":{"line":182,"column":8}},"29":{"start":{"line":185,"column":4},"end":{"line":187,"column":5}},"30":{"start":{"line":186,"column":6},"end":{"line":186,"column":39}},"31":{"start":{"line":190,"column":4},"end":{"line":192,"column":5}},"32":{"start":{"line":191,"column":6},"end":{"line":191,"column":56}},"33":{"start":{"line":195,"column":4},"end":{"line":200,"column":7}},"34":{"start":{"line":203,"column":4},"end":{"line":213,"column":7}},"35":{"start":{"line":215,"column":4},"end":{"line":225,"column":7}},"36":{"start":{"line":228,"column":4},"end":{"line":230,"column":5}},"37":{"start":{"line":229,"column":6},"end":{"line":229,"column":86}},"38":{"start":{"line":233,"column":29},"end":{"line":233,"column":97}},"39":{"start":{"line":234,"column":24},"end":{"line":234,"column":90}},"40":{"start":{"line":237,"column":69},"end":{"line":264,"column":6}},"41":{"start":{"line":267,"column":4},"end":{"line":274,"column":5}},"42":{"start":{"line":268,"column":6},"end":{"line":273,"column":8}},"43":{"start":{"line":276,"column":22},"end":{"line":276,"column":101}},"44":{"start":{"line":279,"column":4},"end":{"line":283,"column":7}},"45":{"start":{"line":286,"column":4},"end":{"line":290,"column":7}},"46":{"start":{"line":292,"column":4},"end":{"line":296,"column":7}},"47":{"start":{"line":299,"column":4},"end":{"line":312,"column":7}},"48":{"start":{"line":315,"column":20},"end":{"line":318,"column":6}},"49":{"start":{"line":321,"column":4},"end":{"line":325,"column":7}},"50":{"start":{"line":333,"column":24},"end":{"line":343,"column":6}},"51":{"start":{"line":346,"column":4},"end":{"line":346,"column":43}},"52":{"start":{"line":349,"column":4},"end":{"line":351,"column":7}},"53":{"start":{"line":353,"column":4},"end":{"line":353,"column":23}},"54":{"start":{"line":72,"column":0},"end":{"line":72,"column":13}}},"fnMap":{"0":{"name":"(anonymous_0)","decl":{"start":{"line":88,"column":10},"end":{"line":88,"column":38}},"loc":{"start":{"line":88,"column":53},"end":{"line":110,"column":3}}},"1":{"name":"(anonymous_1)","decl":{"start":{"line":112,"column":2},"end":{"line":112,"column":14}},"loc":{"start":{"line":112,"column":71},"end":{"line":326,"column":3}}},"2":{"name":"(anonymous_2)","decl":{"start":{"line":331,"column":9},"end":{"line":331,"column":26}},"loc":{"start":{"line":331,"column":77},"end":{"line":354,"column":3}}}},"branchMap":{"0":{"loc":{"start":{"line":90,"column":4},"end":{"line":97,"column":5}},"type":"if","locations":[{"start":{"line":90,"column":4},"end":{"line":97,"column":5}}]},"1":{"loc":{"start":{"line":101,"column":4},"end":{"line":103,"column":5}},"type":"if","locations":[{"start":{"line":101,"column":4},"end":{"line":103,"column":5}}]},"2":{"loc":{"start":{"line":101,"column":8},"end":{"line":101,"column":71}},"type":"binary-expr","locations":[{"start":{"line":101,"column":8},"end":{"line":101,"column":29}},{"start":{"line":101,"column":33},"end":{"line":101,"column":71}}]},"3":{"loc":{"start":{"line":117,"column":26},"end":{"line":118,"column":50}},"type":"cond-expr","locations":[{"start":{"line":118,"column":6},"end":{"line":118,"column":26}},{"start":{"line":118,"column":29},"end":{"line":118,"column":50}}]},"4":{"loc":{"start":{"line":119,"column":29},"end":{"line":119,"column":56}},"type":"cond-expr","locations":[{"start":{"line":119,"column":50},"end":{"line":119,"column":52}},{"start":{"line":119,"column":55},"end":{"line":119,"column":56}}]},"5":{"loc":{"start":{"line":130,"column":4},"end":{"line":137,"column":5}},"type":"if","locations":[{"start":{"line":130,"column":4},"end":{"line":137,"column":5}}]},"6":{"loc":{"start":{"line":158,"column":4},"end":{"line":160,"column":5}},"type":"if","locations":[{"start":{"line":158,"column":4},"end":{"line":160,"column":5}}]},"7":{"loc":{"start":{"line":185,"column":4},"end":{"line":187,"column":5}},"type":"if","locations":[{"start":{"line":185,"column":4},"end":{"line":187,"column":5}}]},"8":{"loc":{"start":{"line":185,"column":8},"end":{"line":185,"column":54}},"type":"binary-expr","locations":[{"start":{"line":185,"column":8},"end":{"line":185,"column":38}},{"start":{"line":185,"column":42},"end":{"line":185,"column":54}}]},"9":{"loc":{"start":{"line":190,"column":4},"end":{"line":192,"column":5}},"type":"if","locations":[{"start":{"line":190,"column":4},"end":{"line":192,"column":5}}]},"10":{"loc":{"start":{"line":228,"column":4},"end":{"line":230,"column":5}},"type":"if","locations":[{"start":{"line":228,"column":4},"end":{"line":230,"column":5}}]},"11":{"loc":{"start":{"line":267,"column":4},"end":{"line":274,"column":5}},"type":"if","locations":[{"start":{"line":267,"column":4},"end":{"line":274,"column":5}}]},"12":{"loc":{"start":{"line":267,"column":8},"end":{"line":267,"column":69}},"type":"binary-expr","locations":[{"start":{"line":267,"column":8},"end":{"line":267,"column":35}},{"start":{"line":267,"column":39},"end":{"line":267,"column":69}}]},"13":{"loc":{"start":{"line":308,"column":25},"end":{"line":308,"column":54}},"type":"cond-expr","locations":[{"start":{"line":308,"column":46},"end":{"line":308,"column":49}},{"start":{"line":308,"column":52},"end":{"line":308,"column":54}}]},"14":{"loc":{"start":{"line":317,"column":19},"end":{"line":317,"column":46}},"type":"cond-expr","locations":[{"start":{"line":317,"column":40},"end":{"line":317,"column":42}},{"start":{"line":317,"column":45},"end":{"line":317,"column":46}}]}},"s":{"0":1,"1":1,"2":1,"3":0,"4":1,"5":1,"6":0,"7":1,"8":1,"9":1,"10":1,"11":1,"12":1,"13":1,"14":1,"15":1,"16":1,"17":0,"18":1,"19":1,"20":1,"21":1,"22":1,"23":1,"24":1,"25":1,"26":0,"27":1,"28":1,"29":1,"30":0,"31":1,"32":0,"33":1,"34":1,"35":1,"36":1,"37":0,"38":1,"39":1,"40":1,"41":1,"42":0,"43":1,"44":1,"45":1,"46":1,"47":1,"48":1,"49":1,"50":0,"51":0,"52":0,"53":0,"54":1},"f":{"0":1,"1":1,"2":0},"b":{"0":[0],"1":[0],"2":[1,1],"3":[0,1],"4":[0,1],"5":[0],"6":[0],"7":[0],"8":[1,0],"9":[0],"10":[0],"11":[0],"12":[1,0],"13":[0,1],"14":[0,1]}}
,"/home/ubuntu/GitHub/TAK-NZ/auth-infra/lib/constructs/authentik-worker.ts": {"path":"/home/ubuntu/GitHub/TAK-NZ/auth-infra/lib/constructs/authentik-worker.ts","statementMap":{"0":{"start":{"line":4,"column":0},"end":{"line":4,"column":39}},"1":{"start":{"line":5,"column":0},"end":{"line":5,"column":null}},"2":{"start":{"line":89,"column":4},"end":{"line":96,"column":5}},"3":{"start":{"line":91,"column":6},"end":{"line":95,"column":9}},"4":{"start":{"line":99,"column":21},"end":{"line":99,"column":38}},"5":{"start":{"line":100,"column":4},"end":{"line":102,"column":5}},"6":{"start":{"line":101,"column":6},"end":{"line":101,"column":70}},"7":{"start":{"line":104,"column":19},"end":{"line":104,"column":30}},"8":{"start":{"line":105,"column":20},"end":{"line":105,"column":31}},"9":{"start":{"line":106,"column":27},"end":{"line":106,"column":65}},"10":{"start":{"line":108,"column":4},"end":{"line":108,"column":74}},"11":{"start":{"line":112,"column":4},"end":{"line":112,"column":21}},"12":{"start":{"line":115,"column":31},"end":{"line":115,"column":59}},"13":{"start":{"line":116,"column":26},"end":{"line":117,"column":50}},"14":{"start":{"line":118,"column":29},"end":{"line":118,"column":56}},"15":{"start":{"line":121,"column":21},"end":{"line":125,"column":6}},"16":{"start":{"line":128,"column":26},"end":{"line":133,"column":6}},"17":{"start":{"line":136,"column":4},"end":{"line":136,"column":52}},"18":{"start":{"line":137,"column":4},"end":{"line":137,"column":58}},"19":{"start":{"line":138,"column":4},"end":{"line":138,"column":63}},"20":{"start":{"line":139,"column":4},"end":{"line":141,"column":5}},"21":{"start":{"line":140,"column":6},"end":{"line":140,"column":71}},"22":{"start":{"line":142,"column":4},"end":{"line":142,"column":71}},"23":{"start":{"line":143,"column":4},"end":{"line":143,"column":68}},"24":{"start":{"line":146,"column":4},"end":{"line":146,"column":60}},"25":{"start":{"line":149,"column":4},"end":{"line":151,"column":5}},"26":{"start":{"line":150,"column":6},"end":{"line":150,"column":61}},"27":{"start":{"line":154,"column":21},"end":{"line":156,"column":6}},"28":{"start":{"line":159,"column":4},"end":{"line":173,"column":8}},"29":{"start":{"line":176,"column":4},"end":{"line":178,"column":5}},"30":{"start":{"line":177,"column":6},"end":{"line":177,"column":56}},"31":{"start":{"line":181,"column":4},"end":{"line":186,"column":7}},"32":{"start":{"line":189,"column":4},"end":{"line":199,"column":7}},"33":{"start":{"line":201,"column":4},"end":{"line":211,"column":7}},"34":{"start":{"line":214,"column":4},"end":{"line":216,"column":5}},"35":{"start":{"line":215,"column":6},"end":{"line":215,"column":88}},"36":{"start":{"line":219,"column":29},"end":{"line":219,"column":97}},"37":{"start":{"line":220,"column":24},"end":{"line":220,"column":90}},"38":{"start":{"line":223,"column":69},"end":{"line":262,"column":6}},"39":{"start":{"line":265,"column":4},"end":{"line":272,"column":5}},"40":{"start":{"line":266,"column":6},"end":{"line":271,"column":8}},"41":{"start":{"line":274,"column":22},"end":{"line":274,"column":101}},"42":{"start":{"line":277,"column":4},"end":{"line":281,"column":7}},"43":{"start":{"line":283,"column":4},"end":{"line":287,"column":7}},"44":{"start":{"line":290,"column":4},"end":{"line":302,"column":7}},"45":{"start":{"line":305,"column":20},"end":{"line":308,"column":6}},"46":{"start":{"line":311,"column":4},"end":{"line":315,"column":7}},"47":{"start":{"line":71,"column":0},"end":{"line":71,"column":13}}},"fnMap":{"0":{"name":"(anonymous_0)","decl":{"start":{"line":87,"column":10},"end":{"line":87,"column":38}},"loc":{"start":{"line":87,"column":53},"end":{"line":109,"column":3}}},"1":{"name":"(anonymous_1)","decl":{"start":{"line":111,"column":2},"end":{"line":111,"column":14}},"loc":{"start":{"line":111,"column":71},"end":{"line":316,"column":3}}}},"branchMap":{"0":{"loc":{"start":{"line":89,"column":4},"end":{"line":96,"column":5}},"type":"if","locations":[{"start":{"line":89,"column":4},"end":{"line":96,"column":5}}]},"1":{"loc":{"start":{"line":100,"column":4},"end":{"line":102,"column":5}},"type":"if","locations":[{"start":{"line":100,"column":4},"end":{"line":102,"column":5}}]},"2":{"loc":{"start":{"line":100,"column":8},"end":{"line":100,"column":71}},"type":"binary-expr","locations":[{"start":{"line":100,"column":8},"end":{"line":100,"column":29}},{"start":{"line":100,"column":33},"end":{"line":100,"column":71}}]},"3":{"loc":{"start":{"line":116,"column":26},"end":{"line":117,"column":50}},"type":"cond-expr","locations":[{"start":{"line":117,"column":6},"end":{"line":117,"column":26}},{"start":{"line":117,"column":29},"end":{"line":117,"column":50}}]},"4":{"loc":{"start":{"line":118,"column":29},"end":{"line":118,"column":56}},"type":"cond-expr","locations":[{"start":{"line":118,"column":50},"end":{"line":118,"column":52}},{"start":{"line":118,"column":55},"end":{"line":118,"column":56}}]},"5":{"loc":{"start":{"line":139,"column":4},"end":{"line":141,"column":5}},"type":"if","locations":[{"start":{"line":139,"column":4},"end":{"line":141,"column":5}}]},"6":{"loc":{"start":{"line":149,"column":4},"end":{"line":151,"column":5}},"type":"if","locations":[{"start":{"line":149,"column":4},"end":{"line":151,"column":5}}]},"7":{"loc":{"start":{"line":176,"column":4},"end":{"line":178,"column":5}},"type":"if","locations":[{"start":{"line":176,"column":4},"end":{"line":178,"column":5}}]},"8":{"loc":{"start":{"line":214,"column":4},"end":{"line":216,"column":5}},"type":"if","locations":[{"start":{"line":214,"column":4},"end":{"line":216,"column":5}}]},"9":{"loc":{"start":{"line":240,"column":49},"end":{"line":240,"column":86}},"type":"binary-expr","locations":[{"start":{"line":240,"column":49},"end":{"line":240,"column":80}},{"start":{"line":240,"column":84},"end":{"line":240,"column":86}}]},"10":{"loc":{"start":{"line":246,"column":12},"end":{"line":249,"column":14}},"type":"cond-expr","locations":[{"start":{"line":246,"column":54},"end":{"line":249,"column":10}},{"start":{"line":249,"column":12},"end":{"line":249,"column":14}}]},"11":{"loc":{"start":{"line":265,"column":4},"end":{"line":272,"column":5}},"type":"if","locations":[{"start":{"line":265,"column":4},"end":{"line":272,"column":5}}]},"12":{"loc":{"start":{"line":265,"column":8},"end":{"line":265,"column":69}},"type":"binary-expr","locations":[{"start":{"line":265,"column":8},"end":{"line":265,"column":35}},{"start":{"line":265,"column":39},"end":{"line":265,"column":69}}]},"13":{"loc":{"start":{"line":298,"column":25},"end":{"line":298,"column":54}},"type":"cond-expr","locations":[{"start":{"line":298,"column":46},"end":{"line":298,"column":49}},{"start":{"line":298,"column":52},"end":{"line":298,"column":54}}]},"14":{"loc":{"start":{"line":307,"column":19},"end":{"line":307,"column":46}},"type":"cond-expr","locations":[{"start":{"line":307,"column":40},"end":{"line":307,"column":42}},{"start":{"line":307,"column":45},"end":{"line":307,"column":46}}]}},"s":{"0":1,"1":1,"2":1,"3":0,"4":1,"5":1,"6":0,"7":1,"8":1,"9":1,"10":1,"11":1,"12":1,"13":1,"14":1,"15":1,"16":1,"17":1,"18":1,"19":1,"20":1,"21":1,"22":1,"23":1,"24":1,"25":1,"26":0,"27":1,"28":1,"29":1,"30":0,"31":1,"32":1,"33":1,"34":1,"35":0,"36":1,"37":1,"38":1,"39":1,"40":0,"41":1,"42":1,"43":1,"44":1,"45":1,"46":1,"47":1},"f":{"0":1,"1":1},"b":{"0":[0],"1":[0],"2":[1,1],"3":[0,1],"4":[0,1],"5":[1],"6":[0],"7":[0],"8":[0],"9":[1,0],"10":[1,0],"11":[0],"12":[1,0],"13":[0,1],"14":[0,1]}}
,"/home/ubuntu/GitHub/TAK-NZ/auth-infra/lib/utils/constants.ts": {"path":"/home/ubuntu/GitHub/TAK-NZ/auth-infra/lib/utils/constants.ts","statementMap":{"0":{"start":{"line":6,"column":13},"end":{"line":9,"column":11}},"1":{"start":{"line":11,"column":13},"end":{"line":15,"column":11}},"2":{"start":{"line":17,"column":13},"end":{"line":17,"column":77}},"3":{"start":{"line":18,"column":13},"end":{"line":18,"column":73}},"4":{"start":{"line":23,"column":13},"end":{"line":27,"column":11}},"5":{"start":{"line":32,"column":13},"end":{"line":40,"column":11}}},"fnMap":{},"branchMap":{},"s":{"0":1,"1":1,"2":1,"3":1,"4":1,"5":1},"f":{},"b":{}}
}
