TN:
SF:lib/utils.ts
FN:10,validateEnvType
FN:21,validateStackName
FN:32,validateAuthentikAdminUserEmail
FN:44,validateLdapBaseDn
FN:56,validateUseAuthentikConfigFile
FN:66,getGitSha
FN:79,validateCdkContextParams
FNF:7
FNH:6
FNDA:7,validateEnvType
FNDA:6,validateStackName
FNDA:6,validateAuthentikAdminUserEmail
FNDA:5,validateLdapBaseDn
FNDA:0,validateUseAuthentikConfigFile
FNDA:1,getGitSha
FNDA:3,validateCdkContextParams
DA:10,1
DA:11,7
DA:12,3
DA:21,1
DA:22,6
DA:23,3
DA:32,1
DA:33,6
DA:34,3
DA:44,1
DA:45,5
DA:46,2
DA:56,1
DA:57,0
DA:58,0
DA:66,1
DA:67,1
DA:68,1
DA:69,1
DA:71,0
DA:79,1
DA:84,3
DA:85,2
DA:86,1
LF:24
LH:21
BRDA:11,0,0,3
BRDA:11,1,0,7
BRDA:11,1,1,6
BRDA:22,2,0,3
BRDA:33,3,0,3
BRDA:33,4,0,6
BRDA:33,4,1,4
BRDA:45,5,0,2
BRDA:45,6,0,5
BRDA:45,6,1,4
BRDA:57,7,0,0
BRDA:57,8,0,0
BRDA:57,8,1,0
BRDA:57,8,2,0
BRF:14
BRH:10
end_of_record
TN:
SF:lib/constructs/authentik-server.ts
FN:88,(anonymous_0)
FN:112,(anonymous_1)
FN:331,(anonymous_2)
FNF:3
FNH:2
FNDA:1,(anonymous_0)
FNDA:1,(anonymous_1)
FNDA:0,(anonymous_2)
DA:4,1
DA:5,1
DA:72,1
DA:90,1
DA:92,0
DA:100,1
DA:101,1
DA:102,0
DA:105,1
DA:106,1
DA:107,1
DA:109,1
DA:113,1
DA:116,1
DA:117,1
DA:119,1
DA:122,1
DA:130,1
DA:131,0
DA:140,1
DA:148,1
DA:149,1
DA:150,1
DA:151,1
DA:152,1
DA:155,1
DA:158,1
DA:159,0
DA:163,1
DA:168,1
DA:185,1
DA:186,0
DA:190,1
DA:191,0
DA:195,1
DA:203,1
DA:215,1
DA:228,1
DA:229,0
DA:233,1
DA:234,1
DA:237,1
DA:267,1
DA:268,0
DA:276,1
DA:279,1
DA:286,1
DA:292,1
DA:299,1
DA:315,1
DA:321,1
DA:333,0
DA:346,0
DA:349,0
DA:353,0
LF:55
LH:43
BRDA:90,0,0,0
BRDA:101,1,0,0
BRDA:101,2,0,1
BRDA:101,2,1,1
BRDA:117,3,0,0
BRDA:117,3,1,1
BRDA:119,4,0,0
BRDA:119,4,1,1
BRDA:130,5,0,0
BRDA:158,6,0,0
BRDA:185,7,0,0
BRDA:185,8,0,1
BRDA:185,8,1,0
BRDA:190,9,0,0
BRDA:228,10,0,0
BRDA:267,11,0,0
BRDA:267,12,0,1
BRDA:267,12,1,0
BRDA:308,13,0,0
BRDA:308,13,1,1
BRDA:317,14,0,0
BRDA:317,14,1,1
BRF:22
BRH:8
end_of_record
TN:
SF:lib/constructs/authentik-worker.ts
FN:87,(anonymous_0)
FN:111,(anonymous_1)
FNF:2
FNH:2
FNDA:1,(anonymous_0)
FNDA:1,(anonymous_1)
DA:4,1
DA:5,1
DA:71,1
DA:89,1
DA:91,0
DA:99,1
DA:100,1
DA:101,0
DA:104,1
DA:105,1
DA:106,1
DA:108,1
DA:112,1
DA:115,1
DA:116,1
DA:118,1
DA:121,1
DA:128,1
DA:136,1
DA:137,1
DA:138,1
DA:139,1
DA:140,1
DA:142,1
DA:143,1
DA:146,1
DA:149,1
DA:150,0
DA:154,1
DA:159,1
DA:176,1
DA:177,0
DA:181,1
DA:189,1
DA:201,1
DA:214,1
DA:215,0
DA:219,1
DA:220,1
DA:223,1
DA:265,1
DA:266,0
DA:274,1
DA:277,1
DA:283,1
DA:290,1
DA:305,1
DA:311,1
LF:48
LH:42
BRDA:89,0,0,0
BRDA:100,1,0,0
BRDA:100,2,0,1
BRDA:100,2,1,1
BRDA:116,3,0,0
BRDA:116,3,1,1
BRDA:118,4,0,0
BRDA:118,4,1,1
BRDA:139,5,0,1
BRDA:149,6,0,0
BRDA:176,7,0,0
BRDA:214,8,0,0
BRDA:240,9,0,1
BRDA:240,9,1,0
BRDA:246,10,0,1
BRDA:246,10,1,0
BRDA:265,11,0,0
BRDA:265,12,0,1
BRDA:265,12,1,0
BRDA:298,13,0,0
BRDA:298,13,1,1
BRDA:307,14,0,0
BRDA:307,14,1,1
BRF:23
BRH:10
end_of_record
TN:
SF:lib/utils/constants.ts
FNF:0
FNH:0
DA:6,1
DA:11,1
DA:17,1
DA:18,1
DA:23,1
DA:32,1
LF:6
LH:6
BRF:0
BRH:0
end_of_record
